[0m22:19:59.954182 [debug] [MainThread]: Sending event: {'category': 'dbt', 'action': 'invocation', 'label': 'start', 'context': [<snowplow_tracker.self_describing_json.SelfDescribingJson object at 0x000001B29FBE2C20>, <snowplow_tracker.self_describing_json.SelfDescribingJson object at 0x000001B2A1AD64A0>, <snowplow_tracker.self_describing_json.SelfDescribingJson object at 0x000001B2A1AD4970>]}


============================== 22:19:59.954182 | 1a27d580-cb14-47ae-b1c5-89dcfce42ddd ==============================
[0m22:19:59.954182 [info ] [MainThread]: Running with dbt=1.9.2
[0m22:19:59.954182 [debug] [MainThread]: running dbt with arguments {'printer_width': '80', 'indirect_selection': 'eager', 'write_json': 'True', 'log_cache_events': 'False', 'partial_parse': 'True', 'cache_selected_only': 'False', 'warn_error': 'None', 'version_check': 'True', 'debug': 'False', 'log_path': 'logs', 'fail_fast': 'False', 'profiles_dir': 'C:\\Users\\rleve\\.dbt', 'use_colors': 'True', 'use_experimental_parser': 'False', 'empty': 'None', 'quiet': 'False', 'no_print': 'None', 'log_format': 'default', 'introspect': 'True', 'static_parser': 'True', 'warn_error_options': 'WarnErrorOptions(include=[], exclude=[])', 'target_path': 'None', 'invocation_command': 'dbt debug', 'send_anonymous_usage_stats': 'True'}
[0m22:19:59.975884 [info ] [MainThread]: dbt version: 1.9.2
[0m22:19:59.975884 [info ] [MainThread]: python version: 3.10.0
[0m22:19:59.975884 [info ] [MainThread]: python path: C:\Python310\python.exe
[0m22:19:59.975884 [info ] [MainThread]: os info: Windows-10-10.0.19045-SP0
[0m22:19:59.975884 [info ] [MainThread]: Using profiles dir at C:\Users\rleve\.dbt
[0m22:19:59.975884 [info ] [MainThread]: Using profiles.yml file at C:\Users\rleve\.dbt\profiles.yml
[0m22:19:59.975884 [info ] [MainThread]: Using dbt_project.yml file at C:\Users\rleve\OneDrive\Documents\interview-data-engineer\dbt_project.yml
[0m22:19:59.975884 [info ] [MainThread]: Configuration:
[0m22:19:59.975884 [info ] [MainThread]:   profiles.yml file [[31mERROR not found[0m]
[0m22:19:59.975884 [info ] [MainThread]:   dbt_project.yml file [[31mERROR not found[0m]
[0m22:19:59.975884 [info ] [MainThread]: Required dependencies:
[0m22:19:59.975884 [debug] [MainThread]: Executing "git --help"
[0m22:20:00.008781 [debug] [MainThread]: STDOUT: "b"usage: git [-v | --version] [-h | --help] [-C <path>] [-c <name>=<value>]\n           [--exec-path[=<path>]] [--html-path] [--man-path] [--info-path]\n           [-p | --paginate | -P | --no-pager] [--no-replace-objects] [--bare]\n           [--git-dir=<path>] [--work-tree=<path>] [--namespace=<name>]\n           [--config-env=<name>=<envvar>] <command> [<args>]\n\nThese are common Git commands used in various situations:\n\nstart a working area (see also: git help tutorial)\n   clone     Clone a repository into a new directory\n   init      Create an empty Git repository or reinitialize an existing one\n\nwork on the current change (see also: git help everyday)\n   add       Add file contents to the index\n   mv        Move or rename a file, a directory, or a symlink\n   restore   Restore working tree files\n   rm        Remove files from the working tree and from the index\n\nexamine the history and state (see also: git help revisions)\n   bisect    Use binary search to find the commit that introduced a bug\n   diff      Show changes between commits, commit and working tree, etc\n   grep      Print lines matching a pattern\n   log       Show commit logs\n   show      Show various types of objects\n   status    Show the working tree status\n\ngrow, mark and tweak your common history\n   branch    List, create, or delete branches\n   commit    Record changes to the repository\n   merge     Join two or more development histories together\n   rebase    Reapply commits on top of another base tip\n   reset     Reset current HEAD to the specified state\n   switch    Switch branches\n   tag       Create, list, delete or verify a tag object signed with GPG\n\ncollaborate (see also: git help workflows)\n   fetch     Download objects and refs from another repository\n   pull      Fetch from and integrate with another repository or a local branch\n   push      Update remote refs along with associated objects\n\n'git help -a' and 'git help -g' list available subcommands and some\nconcept guides. See 'git help <command>' or 'git help <concept>'\nto read about a specific subcommand or concept.\nSee 'git help git' for an overview of the system.\n""
[0m22:20:00.008781 [debug] [MainThread]: STDERR: "b''"
[0m22:20:00.009760 [info ] [MainThread]:  - git [[32mOK found[0m]

[0m22:20:00.009760 [info ] [MainThread]: Connection test skipped since no profile was found
[0m22:20:00.010764 [info ] [MainThread]: [31m2 checks failed:[0m
[0m22:20:00.010764 [info ] [MainThread]: dbt looked for a profiles.yml file in C:\Users\rleve\.dbt\profiles.yml, but did
not find one. For more information on configuring your profile, consult the
documentation:

https://docs.getdbt.com/docs/configure-your-profile


[0m22:20:00.011762 [info ] [MainThread]: Project loading failed for the following reason:
 project path <C:\Users\rleve\OneDrive\Documents\interview-data-engineer\dbt_project.yml> not found

[0m22:20:00.012762 [debug] [MainThread]: Command `dbt debug` failed at 22:20:00.012762 after 0.12 seconds
[0m22:20:00.013760 [debug] [MainThread]: Sending event: {'category': 'dbt', 'action': 'invocation', 'label': 'end', 'context': [<snowplow_tracker.self_describing_json.SelfDescribingJson object at 0x000001B29FBE2C20>, <snowplow_tracker.self_describing_json.SelfDescribingJson object at 0x000001B2A1AD5BD0>, <snowplow_tracker.self_describing_json.SelfDescribingJson object at 0x000001B2A1B59D80>]}
[0m22:20:00.013760 [debug] [MainThread]: Flushing usage events
[0m22:20:00.420739 [debug] [MainThread]: An error was encountered while trying to flush usage events
[0m22:22:12.958562 [debug] [MainThread]: Sending event: {'category': 'dbt', 'action': 'invocation', 'label': 'start', 'context': [<snowplow_tracker.self_describing_json.SelfDescribingJson object at 0x000002193AA02C80>, <snowplow_tracker.self_describing_json.SelfDescribingJson object at 0x000002193C8FA500>, <snowplow_tracker.self_describing_json.SelfDescribingJson object at 0x000002193C8FB670>]}


============================== 22:22:12.960088 | bc776744-f13e-46a4-9726-34a6eb1c1bd4 ==============================
[0m22:22:12.960088 [info ] [MainThread]: Running with dbt=1.9.2
[0m22:22:12.960088 [debug] [MainThread]: running dbt with arguments {'printer_width': '80', 'indirect_selection': 'eager', 'log_cache_events': 'False', 'write_json': 'True', 'partial_parse': 'True', 'cache_selected_only': 'False', 'warn_error': 'None', 'fail_fast': 'False', 'debug': 'False', 'log_path': 'logs', 'version_check': 'True', 'profiles_dir': 'C:\\Users\\rleve\\.dbt', 'use_colors': 'True', 'use_experimental_parser': 'False', 'empty': 'None', 'quiet': 'False', 'no_print': 'None', 'log_format': 'default', 'invocation_command': 'dbt debug', 'warn_error_options': 'WarnErrorOptions(include=[], exclude=[])', 'static_parser': 'True', 'target_path': 'None', 'introspect': 'True', 'send_anonymous_usage_stats': 'True'}
[0m22:22:12.978442 [info ] [MainThread]: dbt version: 1.9.2
[0m22:22:12.979478 [info ] [MainThread]: python version: 3.10.0
[0m22:22:12.979984 [info ] [MainThread]: python path: C:\Python310\python.exe
[0m22:22:12.979984 [info ] [MainThread]: os info: Windows-10-10.0.19045-SP0
[0m22:22:12.980994 [info ] [MainThread]: Using profiles dir at C:\Users\rleve\.dbt
[0m22:22:12.981701 [info ] [MainThread]: Using profiles.yml file at C:\Users\rleve\.dbt\profiles.yml
[0m22:22:12.982275 [info ] [MainThread]: Using dbt_project.yml file at C:\Users\rleve\OneDrive\Documents\interview-data-engineer\dbt_project.yml
[0m22:22:12.982275 [info ] [MainThread]: Configuration:
[0m22:22:12.983275 [info ] [MainThread]:   profiles.yml file [[31mERROR not found[0m]
[0m22:22:12.983275 [info ] [MainThread]:   dbt_project.yml file [[31mERROR not found[0m]
[0m22:22:12.984567 [info ] [MainThread]: Required dependencies:
[0m22:22:12.984567 [debug] [MainThread]: Executing "git --help"
[0m22:22:13.009866 [debug] [MainThread]: STDOUT: "b"usage: git [-v | --version] [-h | --help] [-C <path>] [-c <name>=<value>]\n           [--exec-path[=<path>]] [--html-path] [--man-path] [--info-path]\n           [-p | --paginate | -P | --no-pager] [--no-replace-objects] [--bare]\n           [--git-dir=<path>] [--work-tree=<path>] [--namespace=<name>]\n           [--config-env=<name>=<envvar>] <command> [<args>]\n\nThese are common Git commands used in various situations:\n\nstart a working area (see also: git help tutorial)\n   clone     Clone a repository into a new directory\n   init      Create an empty Git repository or reinitialize an existing one\n\nwork on the current change (see also: git help everyday)\n   add       Add file contents to the index\n   mv        Move or rename a file, a directory, or a symlink\n   restore   Restore working tree files\n   rm        Remove files from the working tree and from the index\n\nexamine the history and state (see also: git help revisions)\n   bisect    Use binary search to find the commit that introduced a bug\n   diff      Show changes between commits, commit and working tree, etc\n   grep      Print lines matching a pattern\n   log       Show commit logs\n   show      Show various types of objects\n   status    Show the working tree status\n\ngrow, mark and tweak your common history\n   branch    List, create, or delete branches\n   commit    Record changes to the repository\n   merge     Join two or more development histories together\n   rebase    Reapply commits on top of another base tip\n   reset     Reset current HEAD to the specified state\n   switch    Switch branches\n   tag       Create, list, delete or verify a tag object signed with GPG\n\ncollaborate (see also: git help workflows)\n   fetch     Download objects and refs from another repository\n   pull      Fetch from and integrate with another repository or a local branch\n   push      Update remote refs along with associated objects\n\n'git help -a' and 'git help -g' list available subcommands and some\nconcept guides. See 'git help <command>' or 'git help <concept>'\nto read about a specific subcommand or concept.\nSee 'git help git' for an overview of the system.\n""
[0m22:22:13.009866 [debug] [MainThread]: STDERR: "b''"
[0m22:22:13.009866 [info ] [MainThread]:  - git [[32mOK found[0m]

[0m22:22:13.010864 [info ] [MainThread]: Connection test skipped since no profile was found
[0m22:22:13.011863 [info ] [MainThread]: [31m2 checks failed:[0m
[0m22:22:13.011863 [info ] [MainThread]: dbt looked for a profiles.yml file in C:\Users\rleve\.dbt\profiles.yml, but did
not find one. For more information on configuring your profile, consult the
documentation:

https://docs.getdbt.com/docs/configure-your-profile


[0m22:22:13.012864 [info ] [MainThread]: Project loading failed for the following reason:
 project path <C:\Users\rleve\OneDrive\Documents\interview-data-engineer\dbt_project.yml> not found

[0m22:22:13.013863 [debug] [MainThread]: Command `dbt debug` failed at 22:22:13.013863 after 0.12 seconds
[0m22:22:13.013863 [debug] [MainThread]: Sending event: {'category': 'dbt', 'action': 'invocation', 'label': 'end', 'context': [<snowplow_tracker.self_describing_json.SelfDescribingJson object at 0x000002193AA02C80>, <snowplow_tracker.self_describing_json.SelfDescribingJson object at 0x000002193C8FA0E0>, <snowplow_tracker.self_describing_json.SelfDescribingJson object at 0x000002193C97DED0>]}
[0m22:22:13.014862 [debug] [MainThread]: Flushing usage events
[0m22:22:13.418440 [debug] [MainThread]: An error was encountered while trying to flush usage events
